16-Nov-2025 13:31:57.709 INFO [main] org.apache.catalina.startup.VersionLoggerListener.log Server version name:   Apache Tomcat/9.0.112
16-Nov-2025 13:31:57.722 INFO [main] org.apache.catalina.startup.VersionLoggerListener.log Server built:          Nov 6 2025 07:46:18 UTC
16-Nov-2025 13:31:57.723 INFO [main] org.apache.catalina.startup.VersionLoggerListener.log Server version number: 9.0.112.0
16-Nov-2025 13:31:57.723 INFO [main] org.apache.catalina.startup.VersionLoggerListener.log OS Name:               Windows 10
16-Nov-2025 13:31:57.723 INFO [main] org.apache.catalina.startup.VersionLoggerListener.log OS Version:            10.0
16-Nov-2025 13:31:57.723 INFO [main] org.apache.catalina.startup.VersionLoggerListener.log Architecture:          amd64
16-Nov-2025 13:31:57.723 INFO [main] org.apache.catalina.startup.VersionLoggerListener.log Java Home:             C:\Program Files\Java\jdk-17
16-Nov-2025 13:31:57.723 INFO [main] org.apache.catalina.startup.VersionLoggerListener.log JVM Version:           17.0.16+12-LTS-247
16-Nov-2025 13:31:57.723 INFO [main] org.apache.catalina.startup.VersionLoggerListener.log JVM Vendor:            Oracle Corporation
16-Nov-2025 13:31:57.723 INFO [main] org.apache.catalina.startup.VersionLoggerListener.log CATALINA_BASE:         C:\Users\User\Desktop\HELP\PROJECT_GUVI\CampusSync_Files\CampusSync_Tomcat\apache-tomcat-9.0.112
16-Nov-2025 13:31:57.723 INFO [main] org.apache.catalina.startup.VersionLoggerListener.log CATALINA_HOME:         C:\Users\User\Desktop\HELP\PROJECT_GUVI\CampusSync_Files\CampusSync_Tomcat\apache-tomcat-9.0.112
16-Nov-2025 13:31:57.768 INFO [main] org.apache.catalina.startup.VersionLoggerListener.log Command line argument: --add-opens=java.base/java.lang=ALL-UNNAMED
16-Nov-2025 13:31:57.768 INFO [main] org.apache.catalina.startup.VersionLoggerListener.log Command line argument: --add-opens=java.base/java.lang.invoke=ALL-UNNAMED
16-Nov-2025 13:31:57.768 INFO [main] org.apache.catalina.startup.VersionLoggerListener.log Command line argument: --add-opens=java.base/java.lang.reflect=ALL-UNNAMED
16-Nov-2025 13:31:57.768 INFO [main] org.apache.catalina.startup.VersionLoggerListener.log Command line argument: --add-opens=java.base/java.io=ALL-UNNAMED
16-Nov-2025 13:31:57.768 INFO [main] org.apache.catalina.startup.VersionLoggerListener.log Command line argument: --add-opens=java.base/java.util=ALL-UNNAMED
16-Nov-2025 13:31:57.768 INFO [main] org.apache.catalina.startup.VersionLoggerListener.log Command line argument: --add-opens=java.base/java.util.concurrent=ALL-UNNAMED
16-Nov-2025 13:31:57.768 INFO [main] org.apache.catalina.startup.VersionLoggerListener.log Command line argument: --add-opens=java.rmi/sun.rmi.transport=ALL-UNNAMED
16-Nov-2025 13:31:57.768 INFO [main] org.apache.catalina.startup.VersionLoggerListener.log Command line argument: -Djava.util.logging.config.file=C:\Users\User\Desktop\HELP\PROJECT_GUVI\CampusSync_Files\CampusSync_Tomcat\apache-tomcat-9.0.112\conf\logging.properties
16-Nov-2025 13:31:57.768 INFO [main] org.apache.catalina.startup.VersionLoggerListener.log Command line argument: -Djava.util.logging.manager=org.apache.juli.ClassLoaderLogManager
16-Nov-2025 13:31:57.768 INFO [main] org.apache.catalina.startup.VersionLoggerListener.log Command line argument: -Djdk.tls.ephemeralDHKeySize=2048
16-Nov-2025 13:31:57.768 INFO [main] org.apache.catalina.startup.VersionLoggerListener.log Command line argument: -Djava.protocol.handler.pkgs=org.apache.catalina.webresources
16-Nov-2025 13:31:57.768 INFO [main] org.apache.catalina.startup.VersionLoggerListener.log Command line argument: -Dsun.io.useCanonCaches=false
16-Nov-2025 13:31:57.768 INFO [main] org.apache.catalina.startup.VersionLoggerListener.log Command line argument: -Dignore.endorsed.dirs=
16-Nov-2025 13:31:57.768 INFO [main] org.apache.catalina.startup.VersionLoggerListener.log Command line argument: -Dcatalina.base=C:\Users\User\Desktop\HELP\PROJECT_GUVI\CampusSync_Files\CampusSync_Tomcat\apache-tomcat-9.0.112
16-Nov-2025 13:31:57.768 INFO [main] org.apache.catalina.startup.VersionLoggerListener.log Command line argument: -Dcatalina.home=C:\Users\User\Desktop\HELP\PROJECT_GUVI\CampusSync_Files\CampusSync_Tomcat\apache-tomcat-9.0.112
16-Nov-2025 13:31:57.768 INFO [main] org.apache.catalina.startup.VersionLoggerListener.log Command line argument: -Djava.io.tmpdir=C:\Users\User\Desktop\HELP\PROJECT_GUVI\CampusSync_Files\CampusSync_Tomcat\apache-tomcat-9.0.112\temp
16-Nov-2025 13:31:57.783 INFO [main] org.apache.catalina.core.AprLifecycleListener.lifecycleEvent Loaded Apache Tomcat Native library [1.3.1] using APR version [1.7.4].
16-Nov-2025 13:31:57.783 INFO [main] org.apache.catalina.core.AprLifecycleListener.lifecycleEvent APR capabilities: IPv6 [true], sendfile [true], accept filters [false], random [true], UDS [true].
16-Nov-2025 13:31:57.783 INFO [main] org.apache.catalina.core.AprLifecycleListener.lifecycleEvent APR/OpenSSL configuration: useAprConnector [false], useOpenSSL [true]
16-Nov-2025 13:31:57.830 INFO [main] org.apache.catalina.core.AprLifecycleListener.initializeSSL OpenSSL successfully initialized [OpenSSL 3.0.14 4 Jun 2024]
16-Nov-2025 13:31:58.565 INFO [main] org.apache.coyote.AbstractProtocol.init Initializing ProtocolHandler ["http-nio-8080"]
16-Nov-2025 13:31:58.643 INFO [main] org.apache.catalina.startup.Catalina.load Server initialization in [1722] milliseconds
16-Nov-2025 13:31:58.769 INFO [main] org.apache.catalina.core.StandardService.startInternal Starting service [Catalina]
16-Nov-2025 13:31:58.769 INFO [main] org.apache.catalina.core.StandardEngine.startInternal Starting Servlet engine: [Apache Tomcat/9.0.112]
16-Nov-2025 13:31:58.816 INFO [main] org.apache.catalina.startup.HostConfig.deployWAR Deploying web application archive [C:\Users\User\Desktop\HELP\PROJECT_GUVI\CampusSync_Files\CampusSync_Tomcat\apache-tomcat-9.0.112\webapps\CampusSync.war]
16-Nov-2025 13:32:01.803 INFO [main] org.apache.jasper.servlet.TldScanner.scanJars At least one JAR was scanned for TLDs yet contained no TLDs. Enable debug logging for this logger for a complete list of JARs that were scanned but no TLDs were found in them. Skipping unneeded JARs during scanning can improve startup time and JSP compilation time.
16-Nov-2025 13:32:02.145 WARNING [main] org.apache.catalina.util.SessionIdGeneratorBase.createSecureRandom Creation of SecureRandom instance for session ID generation using [SHA1PRNG] took [156] milliseconds.
16-Nov-2025 13:32:02.207 INFO [main] org.apache.catalina.startup.HostConfig.deployWAR Deployment of web application archive [C:\Users\User\Desktop\HELP\PROJECT_GUVI\CampusSync_Files\CampusSync_Tomcat\apache-tomcat-9.0.112\webapps\CampusSync.war] has finished in [3,391] ms
16-Nov-2025 13:32:02.207 INFO [main] org.apache.catalina.startup.HostConfig.deployDirectory Deploying web application directory [C:\Users\User\Desktop\HELP\PROJECT_GUVI\CampusSync_Files\CampusSync_Tomcat\apache-tomcat-9.0.112\webapps\docs]
16-Nov-2025 13:32:02.332 INFO [main] org.apache.catalina.startup.HostConfig.deployDirectory Deployment of web application directory [C:\Users\User\Desktop\HELP\PROJECT_GUVI\CampusSync_Files\CampusSync_Tomcat\apache-tomcat-9.0.112\webapps\docs] has finished in [125] ms
16-Nov-2025 13:32:02.348 INFO [main] org.apache.catalina.startup.HostConfig.deployDirectory Deploying web application directory [C:\Users\User\Desktop\HELP\PROJECT_GUVI\CampusSync_Files\CampusSync_Tomcat\apache-tomcat-9.0.112\webapps\examples]
16-Nov-2025 13:32:04.212 INFO [main] org.apache.catalina.startup.HostConfig.deployDirectory Deployment of web application directory [C:\Users\User\Desktop\HELP\PROJECT_GUVI\CampusSync_Files\CampusSync_Tomcat\apache-tomcat-9.0.112\webapps\examples] has finished in [1,864] ms
16-Nov-2025 13:32:04.212 INFO [main] org.apache.catalina.startup.HostConfig.deployDirectory Deploying web application directory [C:\Users\User\Desktop\HELP\PROJECT_GUVI\CampusSync_Files\CampusSync_Tomcat\apache-tomcat-9.0.112\webapps\host-manager]
16-Nov-2025 13:32:04.449 INFO [main] org.apache.catalina.startup.HostConfig.deployDirectory Deployment of web application directory [C:\Users\User\Desktop\HELP\PROJECT_GUVI\CampusSync_Files\CampusSync_Tomcat\apache-tomcat-9.0.112\webapps\host-manager] has finished in [237] ms
16-Nov-2025 13:32:04.449 INFO [main] org.apache.catalina.startup.HostConfig.deployDirectory Deploying web application directory [C:\Users\User\Desktop\HELP\PROJECT_GUVI\CampusSync_Files\CampusSync_Tomcat\apache-tomcat-9.0.112\webapps\manager]
16-Nov-2025 13:32:04.611 INFO [main] org.apache.catalina.startup.HostConfig.deployDirectory Deployment of web application directory [C:\Users\User\Desktop\HELP\PROJECT_GUVI\CampusSync_Files\CampusSync_Tomcat\apache-tomcat-9.0.112\webapps\manager] has finished in [162] ms
16-Nov-2025 13:32:04.616 INFO [main] org.apache.catalina.startup.HostConfig.deployDirectory Deploying web application directory [C:\Users\User\Desktop\HELP\PROJECT_GUVI\CampusSync_Files\CampusSync_Tomcat\apache-tomcat-9.0.112\webapps\ROOT]
16-Nov-2025 13:32:04.692 INFO [main] org.apache.catalina.startup.HostConfig.deployDirectory Deployment of web application directory [C:\Users\User\Desktop\HELP\PROJECT_GUVI\CampusSync_Files\CampusSync_Tomcat\apache-tomcat-9.0.112\webapps\ROOT] has finished in [76] ms
16-Nov-2025 13:32:04.709 INFO [main] org.apache.coyote.AbstractProtocol.start Starting ProtocolHandler ["http-nio-8080"]
16-Nov-2025 13:32:04.818 INFO [main] org.apache.catalina.startup.Catalina.start Server startup in [6181] milliseconds
