15-Nov-2025 00:00:19.666 SEVERE [http-nio-8080-exec-6] org.apache.catalina.core.StandardWrapperValve.invoke Servlet.service() for servlet [AuthServlet] in context with path [/CampusSync] threw exception [Database error during authentication] with root cause
	java.sql.SQLSyntaxErrorException: Unknown database 'campussync'
		at com.mysql.cj.jdbc.exceptions.SQLError.createSQLException(SQLError.java:121)
		at com.mysql.cj.jdbc.exceptions.SQLExceptionsMapping.translateException(SQLExceptionsMapping.java:122)
		at com.mysql.cj.jdbc.ConnectionImpl.createNewIO(ConnectionImpl.java:825)
		at com.mysql.cj.jdbc.ConnectionImpl.<init>(ConnectionImpl.java:446)
		at com.mysql.cj.jdbc.ConnectionImpl.getInstance(ConnectionImpl.java:239)
		at com.mysql.cj.jdbc.NonRegisteringDriver.connect(NonRegisteringDriver.java:188)
		at java.sql/java.sql.DriverManager.getConnection(DriverManager.java:681)
		at java.sql/java.sql.DriverManager.getConnection(DriverManager.java:229)
		at com.campussync.util.DBConnection.getConnection(DBConnection.java:45)
		at com.campussync.servlet.AuthServlet.doPost(AuthServlet.java:46)
		at javax.servlet.http.HttpServlet.service(HttpServlet.java:555)
		at javax.servlet.http.HttpServlet.service(HttpServlet.java:623)
		at org.apache.catalina.core.ApplicationFilterChain.internalDoFilter(ApplicationFilterChain.java:197)
		at org.apache.catalina.core.ApplicationFilterChain.doFilter(ApplicationFilterChain.java:142)
		at org.apache.tomcat.websocket.server.WsFilter.doFilter(WsFilter.java:51)
		at org.apache.catalina.core.ApplicationFilterChain.internalDoFilter(ApplicationFilterChain.java:166)
		at org.apache.catalina.core.ApplicationFilterChain.doFilter(ApplicationFilterChain.java:142)
		at org.apache.catalina.core.StandardWrapperValve.invoke(StandardWrapperValve.java:166)
		at org.apache.catalina.core.StandardContextValve.invoke(StandardContextValve.java:88)
		at org.apache.catalina.authenticator.AuthenticatorBase.invoke(AuthenticatorBase.java:481)
		at org.apache.catalina.core.StandardHostValve.invoke(StandardHostValve.java:127)
		at org.apache.catalina.valves.ErrorReportValve.invoke(ErrorReportValve.java:83)
		at org.apache.catalina.valves.AbstractAccessLogValve.invoke(AbstractAccessLogValve.java:643)
		at org.apache.catalina.core.StandardEngineValve.invoke(StandardEngineValve.java:72)
		at org.apache.catalina.connector.CoyoteAdapter.service(CoyoteAdapter.java:344)
		at org.apache.coyote.http11.Http11Processor.service(Http11Processor.java:398)
		at org.apache.coyote.AbstractProcessorLight.process(AbstractProcessorLight.java:63)
		at org.apache.coyote.AbstractProtocol$ConnectionHandler.process(AbstractProtocol.java:935)
		at org.apache.tomcat.util.net.NioEndpoint$SocketProcessor.doRun(NioEndpoint.java:1831)
		at org.apache.tomcat.util.net.SocketProcessorBase.run(SocketProcessorBase.java:52)
		at org.apache.tomcat.util.threads.ThreadPoolExecutor.runWorker(ThreadPoolExecutor.java:973)
		at org.apache.tomcat.util.threads.ThreadPoolExecutor$Worker.run(ThreadPoolExecutor.java:491)
		at org.apache.tomcat.util.threads.TaskThread$WrappingRunnable.run(TaskThread.java:63)
		at java.base/java.lang.Thread.run(Thread.java:842)
15-Nov-2025 00:10:29.410 SEVERE [http-nio-8080-exec-7] org.apache.catalina.core.StandardWrapperValve.invoke Servlet.service() for servlet [AuthServlet] in context with path [/CampusSync] threw exception [Database error during authentication] with root cause
	java.sql.SQLSyntaxErrorException: Unknown database 'campussync'
		at com.mysql.cj.jdbc.exceptions.SQLError.createSQLException(SQLError.java:121)
		at com.mysql.cj.jdbc.exceptions.SQLExceptionsMapping.translateException(SQLExceptionsMapping.java:122)
		at com.mysql.cj.jdbc.ConnectionImpl.createNewIO(ConnectionImpl.java:825)
		at com.mysql.cj.jdbc.ConnectionImpl.<init>(ConnectionImpl.java:446)
		at com.mysql.cj.jdbc.ConnectionImpl.getInstance(ConnectionImpl.java:239)
		at com.mysql.cj.jdbc.NonRegisteringDriver.connect(NonRegisteringDriver.java:188)
		at java.sql/java.sql.DriverManager.getConnection(DriverManager.java:681)
		at java.sql/java.sql.DriverManager.getConnection(DriverManager.java:229)
		at com.campussync.util.DBConnection.getConnection(DBConnection.java:45)
		at com.campussync.servlet.AuthServlet.doPost(AuthServlet.java:46)
		at javax.servlet.http.HttpServlet.service(HttpServlet.java:555)
		at javax.servlet.http.HttpServlet.service(HttpServlet.java:623)
		at org.apache.catalina.core.ApplicationFilterChain.internalDoFilter(ApplicationFilterChain.java:197)
		at org.apache.catalina.core.ApplicationFilterChain.doFilter(ApplicationFilterChain.java:142)
		at org.apache.tomcat.websocket.server.WsFilter.doFilter(WsFilter.java:51)
		at org.apache.catalina.core.ApplicationFilterChain.internalDoFilter(ApplicationFilterChain.java:166)
		at org.apache.catalina.core.ApplicationFilterChain.doFilter(ApplicationFilterChain.java:142)
		at org.apache.catalina.core.StandardWrapperValve.invoke(StandardWrapperValve.java:166)
		at org.apache.catalina.core.StandardContextValve.invoke(StandardContextValve.java:88)
		at org.apache.catalina.authenticator.AuthenticatorBase.invoke(AuthenticatorBase.java:481)
		at org.apache.catalina.core.StandardHostValve.invoke(StandardHostValve.java:127)
		at org.apache.catalina.valves.ErrorReportValve.invoke(ErrorReportValve.java:83)
		at org.apache.catalina.valves.AbstractAccessLogValve.invoke(AbstractAccessLogValve.java:643)
		at org.apache.catalina.core.StandardEngineValve.invoke(StandardEngineValve.java:72)
		at org.apache.catalina.connector.CoyoteAdapter.service(CoyoteAdapter.java:344)
		at org.apache.coyote.http11.Http11Processor.service(Http11Processor.java:398)
		at org.apache.coyote.AbstractProcessorLight.process(AbstractProcessorLight.java:63)
		at org.apache.coyote.AbstractProtocol$ConnectionHandler.process(AbstractProtocol.java:935)
		at org.apache.tomcat.util.net.NioEndpoint$SocketProcessor.doRun(NioEndpoint.java:1831)
		at org.apache.tomcat.util.net.SocketProcessorBase.run(SocketProcessorBase.java:52)
		at org.apache.tomcat.util.threads.ThreadPoolExecutor.runWorker(ThreadPoolExecutor.java:973)
		at org.apache.tomcat.util.threads.ThreadPoolExecutor$Worker.run(ThreadPoolExecutor.java:491)
		at org.apache.tomcat.util.threads.TaskThread$WrappingRunnable.run(TaskThread.java:63)
		at java.base/java.lang.Thread.run(Thread.java:842)
15-Nov-2025 00:10:58.072 SEVERE [http-nio-8080-exec-8] org.apache.catalina.core.StandardWrapperValve.invoke Servlet.service() for servlet [AuthServlet] in context with path [/CampusSync] threw exception [Database error during authentication] with root cause
	java.sql.SQLSyntaxErrorException: Unknown database 'campussync'
		at com.mysql.cj.jdbc.exceptions.SQLError.createSQLException(SQLError.java:121)
		at com.mysql.cj.jdbc.exceptions.SQLExceptionsMapping.translateException(SQLExceptionsMapping.java:122)
		at com.mysql.cj.jdbc.ConnectionImpl.createNewIO(ConnectionImpl.java:825)
		at com.mysql.cj.jdbc.ConnectionImpl.<init>(ConnectionImpl.java:446)
		at com.mysql.cj.jdbc.ConnectionImpl.getInstance(ConnectionImpl.java:239)
		at com.mysql.cj.jdbc.NonRegisteringDriver.connect(NonRegisteringDriver.java:188)
		at java.sql/java.sql.DriverManager.getConnection(DriverManager.java:681)
		at java.sql/java.sql.DriverManager.getConnection(DriverManager.java:229)
		at com.campussync.util.DBConnection.getConnection(DBConnection.java:45)
		at com.campussync.servlet.AuthServlet.doPost(AuthServlet.java:46)
		at javax.servlet.http.HttpServlet.service(HttpServlet.java:555)
		at javax.servlet.http.HttpServlet.service(HttpServlet.java:623)
		at org.apache.catalina.core.ApplicationFilterChain.internalDoFilter(ApplicationFilterChain.java:197)
		at org.apache.catalina.core.ApplicationFilterChain.doFilter(ApplicationFilterChain.java:142)
		at org.apache.tomcat.websocket.server.WsFilter.doFilter(WsFilter.java:51)
		at org.apache.catalina.core.ApplicationFilterChain.internalDoFilter(ApplicationFilterChain.java:166)
		at org.apache.catalina.core.ApplicationFilterChain.doFilter(ApplicationFilterChain.java:142)
		at org.apache.catalina.core.StandardWrapperValve.invoke(StandardWrapperValve.java:166)
		at org.apache.catalina.core.StandardContextValve.invoke(StandardContextValve.java:88)
		at org.apache.catalina.authenticator.AuthenticatorBase.invoke(AuthenticatorBase.java:481)
		at org.apache.catalina.core.StandardHostValve.invoke(StandardHostValve.java:127)
		at org.apache.catalina.valves.ErrorReportValve.invoke(ErrorReportValve.java:83)
		at org.apache.catalina.valves.AbstractAccessLogValve.invoke(AbstractAccessLogValve.java:643)
		at org.apache.catalina.core.StandardEngineValve.invoke(StandardEngineValve.java:72)
		at org.apache.catalina.connector.CoyoteAdapter.service(CoyoteAdapter.java:344)
		at org.apache.coyote.http11.Http11Processor.service(Http11Processor.java:398)
		at org.apache.coyote.AbstractProcessorLight.process(AbstractProcessorLight.java:63)
		at org.apache.coyote.AbstractProtocol$ConnectionHandler.process(AbstractProtocol.java:935)
		at org.apache.tomcat.util.net.NioEndpoint$SocketProcessor.doRun(NioEndpoint.java:1831)
		at org.apache.tomcat.util.net.SocketProcessorBase.run(SocketProcessorBase.java:52)
		at org.apache.tomcat.util.threads.ThreadPoolExecutor.runWorker(ThreadPoolExecutor.java:973)
		at org.apache.tomcat.util.threads.ThreadPoolExecutor$Worker.run(ThreadPoolExecutor.java:491)
		at org.apache.tomcat.util.threads.TaskThread$WrappingRunnable.run(TaskThread.java:63)
		at java.base/java.lang.Thread.run(Thread.java:842)
15-Nov-2025 00:11:27.991 SEVERE [http-nio-8080-exec-10] org.apache.catalina.core.StandardWrapperValve.invoke Servlet.service() for servlet [AuthServlet] in context with path [/CampusSync] threw exception [Database error during authentication] with root cause
	java.sql.SQLSyntaxErrorException: Unknown database 'campussync'
		at com.mysql.cj.jdbc.exceptions.SQLError.createSQLException(SQLError.java:121)
		at com.mysql.cj.jdbc.exceptions.SQLExceptionsMapping.translateException(SQLExceptionsMapping.java:122)
		at com.mysql.cj.jdbc.ConnectionImpl.createNewIO(ConnectionImpl.java:825)
		at com.mysql.cj.jdbc.ConnectionImpl.<init>(ConnectionImpl.java:446)
		at com.mysql.cj.jdbc.ConnectionImpl.getInstance(ConnectionImpl.java:239)
		at com.mysql.cj.jdbc.NonRegisteringDriver.connect(NonRegisteringDriver.java:188)
		at java.sql/java.sql.DriverManager.getConnection(DriverManager.java:681)
		at java.sql/java.sql.DriverManager.getConnection(DriverManager.java:229)
		at com.campussync.util.DBConnection.getConnection(DBConnection.java:45)
		at com.campussync.servlet.AuthServlet.doPost(AuthServlet.java:46)
		at javax.servlet.http.HttpServlet.service(HttpServlet.java:555)
		at javax.servlet.http.HttpServlet.service(HttpServlet.java:623)
		at org.apache.catalina.core.ApplicationFilterChain.internalDoFilter(ApplicationFilterChain.java:197)
		at org.apache.catalina.core.ApplicationFilterChain.doFilter(ApplicationFilterChain.java:142)
		at org.apache.tomcat.websocket.server.WsFilter.doFilter(WsFilter.java:51)
		at org.apache.catalina.core.ApplicationFilterChain.internalDoFilter(ApplicationFilterChain.java:166)
		at org.apache.catalina.core.ApplicationFilterChain.doFilter(ApplicationFilterChain.java:142)
		at org.apache.catalina.core.StandardWrapperValve.invoke(StandardWrapperValve.java:166)
		at org.apache.catalina.core.StandardContextValve.invoke(StandardContextValve.java:88)
		at org.apache.catalina.authenticator.AuthenticatorBase.invoke(AuthenticatorBase.java:481)
		at org.apache.catalina.core.StandardHostValve.invoke(StandardHostValve.java:127)
		at org.apache.catalina.valves.ErrorReportValve.invoke(ErrorReportValve.java:83)
		at org.apache.catalina.valves.AbstractAccessLogValve.invoke(AbstractAccessLogValve.java:643)
		at org.apache.catalina.core.StandardEngineValve.invoke(StandardEngineValve.java:72)
		at org.apache.catalina.connector.CoyoteAdapter.service(CoyoteAdapter.java:344)
		at org.apache.coyote.http11.Http11Processor.service(Http11Processor.java:398)
		at org.apache.coyote.AbstractProcessorLight.process(AbstractProcessorLight.java:63)
		at org.apache.coyote.AbstractProtocol$ConnectionHandler.process(AbstractProtocol.java:935)
		at org.apache.tomcat.util.net.NioEndpoint$SocketProcessor.doRun(NioEndpoint.java:1831)
		at org.apache.tomcat.util.net.SocketProcessorBase.run(SocketProcessorBase.java:52)
		at org.apache.tomcat.util.threads.ThreadPoolExecutor.runWorker(ThreadPoolExecutor.java:973)
		at org.apache.tomcat.util.threads.ThreadPoolExecutor$Worker.run(ThreadPoolExecutor.java:491)
		at org.apache.tomcat.util.threads.TaskThread$WrappingRunnable.run(TaskThread.java:63)
		at java.base/java.lang.Thread.run(Thread.java:842)
15-Nov-2025 00:24:06.222 INFO [main] org.apache.catalina.core.ApplicationContext.log ContextListener: contextInitialized()
15-Nov-2025 00:24:06.224 INFO [main] org.apache.catalina.core.ApplicationContext.log SessionListener: contextInitialized()
15-Nov-2025 00:24:06.231 INFO [main] org.apache.catalina.core.ApplicationContext.log ContextListener: attributeAdded('StockTicker', 'async.Stockticker@748d2277')
15-Nov-2025 10:26:02.501 INFO [main] org.apache.catalina.core.ApplicationContext.log ContextListener: contextInitialized()
15-Nov-2025 10:26:02.501 INFO [main] org.apache.catalina.core.ApplicationContext.log SessionListener: contextInitialized()
15-Nov-2025 10:26:02.501 INFO [main] org.apache.catalina.core.ApplicationContext.log ContextListener: attributeAdded('StockTicker', 'async.Stockticker@443effcb')
15-Nov-2025 10:51:53.424 INFO [main] org.apache.catalina.core.ApplicationContext.log ContextListener: contextInitialized()
15-Nov-2025 10:51:53.424 INFO [main] org.apache.catalina.core.ApplicationContext.log SessionListener: contextInitialized()
15-Nov-2025 10:51:53.424 INFO [main] org.apache.catalina.core.ApplicationContext.log ContextListener: attributeAdded('StockTicker', 'async.Stockticker@3a082ff4')
15-Nov-2025 11:10:07.750 INFO [main] org.apache.catalina.core.ApplicationContext.log ContextListener: contextInitialized()
15-Nov-2025 11:10:07.750 INFO [main] org.apache.catalina.core.ApplicationContext.log SessionListener: contextInitialized()
15-Nov-2025 11:10:07.759 INFO [main] org.apache.catalina.core.ApplicationContext.log ContextListener: attributeAdded('StockTicker', 'async.Stockticker@350d3f4d')
15-Nov-2025 11:14:51.142 INFO [main] org.apache.catalina.core.ApplicationContext.log SessionListener: contextDestroyed()
15-Nov-2025 11:14:51.142 INFO [main] org.apache.catalina.core.ApplicationContext.log ContextListener: contextDestroyed()
15-Nov-2025 11:15:00.683 INFO [main] org.apache.catalina.core.ApplicationContext.log ContextListener: contextInitialized()
15-Nov-2025 11:15:00.683 INFO [main] org.apache.catalina.core.ApplicationContext.log SessionListener: contextInitialized()
15-Nov-2025 11:15:00.701 INFO [main] org.apache.catalina.core.ApplicationContext.log ContextListener: attributeAdded('StockTicker', 'async.Stockticker@378cfecf')
15-Nov-2025 11:21:37.893 INFO [main] org.apache.catalina.core.ApplicationContext.log ContextListener: contextInitialized()
15-Nov-2025 11:21:37.893 INFO [main] org.apache.catalina.core.ApplicationContext.log SessionListener: contextInitialized()
15-Nov-2025 11:21:37.909 INFO [main] org.apache.catalina.core.ApplicationContext.log ContextListener: attributeAdded('StockTicker', 'async.Stockticker@27d33393')
15-Nov-2025 11:23:52.715 INFO [main] org.apache.catalina.core.ApplicationContext.log ContextListener: contextInitialized()
15-Nov-2025 11:23:52.715 INFO [main] org.apache.catalina.core.ApplicationContext.log SessionListener: contextInitialized()
15-Nov-2025 11:23:52.720 INFO [main] org.apache.catalina.core.ApplicationContext.log ContextListener: attributeAdded('StockTicker', 'async.Stockticker@242b6e1a')
15-Nov-2025 11:41:19.168 INFO [main] org.apache.catalina.core.ApplicationContext.log SessionListener: contextDestroyed()
15-Nov-2025 11:41:19.168 INFO [main] org.apache.catalina.core.ApplicationContext.log ContextListener: contextDestroyed()
15-Nov-2025 11:42:22.725 INFO [main] org.apache.catalina.core.ApplicationContext.log ContextListener: contextInitialized()
15-Nov-2025 11:42:22.725 INFO [main] org.apache.catalina.core.ApplicationContext.log SessionListener: contextInitialized()
15-Nov-2025 11:42:22.733 INFO [main] org.apache.catalina.core.ApplicationContext.log ContextListener: attributeAdded('StockTicker', 'async.Stockticker@142213d5')
15-Nov-2025 11:58:36.730 INFO [main] org.apache.catalina.core.ApplicationContext.log ContextListener: contextInitialized()
15-Nov-2025 11:58:36.731 INFO [main] org.apache.catalina.core.ApplicationContext.log SessionListener: contextInitialized()
15-Nov-2025 11:58:36.737 INFO [main] org.apache.catalina.core.ApplicationContext.log ContextListener: attributeAdded('StockTicker', 'async.Stockticker@1305c126')
