23-Nov-2025 13:10:06.124 INFO [main] org.apache.catalina.startup.VersionLoggerListener.log Server version name:   Apache Tomcat/9.0.112
23-Nov-2025 13:10:06.149 INFO [main] org.apache.catalina.startup.VersionLoggerListener.log Server built:          Nov 6 2025 07:46:18 UTC
23-Nov-2025 13:10:06.149 INFO [main] org.apache.catalina.startup.VersionLoggerListener.log Server version number: 9.0.112.0
23-Nov-2025 13:10:06.149 INFO [main] org.apache.catalina.startup.VersionLoggerListener.log OS Name:               Windows 10
23-Nov-2025 13:10:06.149 INFO [main] org.apache.catalina.startup.VersionLoggerListener.log OS Version:            10.0
23-Nov-2025 13:10:06.149 INFO [main] org.apache.catalina.startup.VersionLoggerListener.log Architecture:          amd64
23-Nov-2025 13:10:06.149 INFO [main] org.apache.catalina.startup.VersionLoggerListener.log Java Home:             C:\Program Files\Java\jdk-17
23-Nov-2025 13:10:06.149 INFO [main] org.apache.catalina.startup.VersionLoggerListener.log JVM Version:           17.0.16+12-LTS-247
23-Nov-2025 13:10:06.149 INFO [main] org.apache.catalina.startup.VersionLoggerListener.log JVM Vendor:            Oracle Corporation
23-Nov-2025 13:10:06.165 INFO [main] org.apache.catalina.startup.VersionLoggerListener.log CATALINA_BASE:         C:\Users\User\Desktop\HELP\CAMPUS-SYNC\CampusSync_Files\CampusSync_Tomcat\apache-tomcat-9.0.112
23-Nov-2025 13:10:06.165 INFO [main] org.apache.catalina.startup.VersionLoggerListener.log CATALINA_HOME:         C:\Users\User\Desktop\HELP\CAMPUS-SYNC\CampusSync_Files\CampusSync_Tomcat\apache-tomcat-9.0.112
23-Nov-2025 13:10:06.187 INFO [main] org.apache.catalina.startup.VersionLoggerListener.log Command line argument: --add-opens=java.base/java.lang=ALL-UNNAMED
23-Nov-2025 13:10:06.187 INFO [main] org.apache.catalina.startup.VersionLoggerListener.log Command line argument: --add-opens=java.base/java.lang.invoke=ALL-UNNAMED
23-Nov-2025 13:10:06.187 INFO [main] org.apache.catalina.startup.VersionLoggerListener.log Command line argument: --add-opens=java.base/java.lang.reflect=ALL-UNNAMED
23-Nov-2025 13:10:06.187 INFO [main] org.apache.catalina.startup.VersionLoggerListener.log Command line argument: --add-opens=java.base/java.io=ALL-UNNAMED
23-Nov-2025 13:10:06.187 INFO [main] org.apache.catalina.startup.VersionLoggerListener.log Command line argument: --add-opens=java.base/java.util=ALL-UNNAMED
23-Nov-2025 13:10:06.187 INFO [main] org.apache.catalina.startup.VersionLoggerListener.log Command line argument: --add-opens=java.base/java.util.concurrent=ALL-UNNAMED
23-Nov-2025 13:10:06.187 INFO [main] org.apache.catalina.startup.VersionLoggerListener.log Command line argument: --add-opens=java.rmi/sun.rmi.transport=ALL-UNNAMED
23-Nov-2025 13:10:06.187 INFO [main] org.apache.catalina.startup.VersionLoggerListener.log Command line argument: -Djava.util.logging.config.file=C:\Users\User\Desktop\HELP\CAMPUS-SYNC\CampusSync_Files\CampusSync_Tomcat\apache-tomcat-9.0.112\conf\logging.properties
23-Nov-2025 13:10:06.187 INFO [main] org.apache.catalina.startup.VersionLoggerListener.log Command line argument: -Djava.util.logging.manager=org.apache.juli.ClassLoaderLogManager
23-Nov-2025 13:10:06.187 INFO [main] org.apache.catalina.startup.VersionLoggerListener.log Command line argument: -Djdk.tls.ephemeralDHKeySize=2048
23-Nov-2025 13:10:06.187 INFO [main] org.apache.catalina.startup.VersionLoggerListener.log Command line argument: -Djava.protocol.handler.pkgs=org.apache.catalina.webresources
23-Nov-2025 13:10:06.187 INFO [main] org.apache.catalina.startup.VersionLoggerListener.log Command line argument: -Dsun.io.useCanonCaches=false
23-Nov-2025 13:10:06.187 INFO [main] org.apache.catalina.startup.VersionLoggerListener.log Command line argument: -Dignore.endorsed.dirs=
23-Nov-2025 13:10:06.187 INFO [main] org.apache.catalina.startup.VersionLoggerListener.log Command line argument: -Dcatalina.base=C:\Users\User\Desktop\HELP\CAMPUS-SYNC\CampusSync_Files\CampusSync_Tomcat\apache-tomcat-9.0.112
23-Nov-2025 13:10:06.187 INFO [main] org.apache.catalina.startup.VersionLoggerListener.log Command line argument: -Dcatalina.home=C:\Users\User\Desktop\HELP\CAMPUS-SYNC\CampusSync_Files\CampusSync_Tomcat\apache-tomcat-9.0.112
23-Nov-2025 13:10:06.187 INFO [main] org.apache.catalina.startup.VersionLoggerListener.log Command line argument: -Djava.io.tmpdir=C:\Users\User\Desktop\HELP\CAMPUS-SYNC\CampusSync_Files\CampusSync_Tomcat\apache-tomcat-9.0.112\temp
23-Nov-2025 13:10:06.203 INFO [main] org.apache.catalina.core.AprLifecycleListener.lifecycleEvent Loaded Apache Tomcat Native library [1.3.1] using APR version [1.7.4].
23-Nov-2025 13:10:06.203 INFO [main] org.apache.catalina.core.AprLifecycleListener.lifecycleEvent APR capabilities: IPv6 [true], sendfile [true], accept filters [false], random [true], UDS [true].
23-Nov-2025 13:10:06.203 INFO [main] org.apache.catalina.core.AprLifecycleListener.lifecycleEvent APR/OpenSSL configuration: useAprConnector [false], useOpenSSL [true]
23-Nov-2025 13:10:06.250 INFO [main] org.apache.catalina.core.AprLifecycleListener.initializeSSL OpenSSL successfully initialized [OpenSSL 3.0.14 4 Jun 2024]
23-Nov-2025 13:10:06.922 INFO [main] org.apache.coyote.AbstractProtocol.init Initializing ProtocolHandler ["http-nio-8080"]
23-Nov-2025 13:10:06.984 INFO [main] org.apache.catalina.startup.Catalina.load Server initialization in [1346] milliseconds
23-Nov-2025 13:10:07.094 INFO [main] org.apache.catalina.core.StandardService.startInternal Starting service [Catalina]
23-Nov-2025 13:10:07.094 INFO [main] org.apache.catalina.core.StandardEngine.startInternal Starting Servlet engine: [Apache Tomcat/9.0.112]
23-Nov-2025 13:10:07.156 INFO [main] org.apache.catalina.startup.HostConfig.deployWAR Deploying web application archive [C:\Users\User\Desktop\HELP\CAMPUS-SYNC\CampusSync_Files\CampusSync_Tomcat\apache-tomcat-9.0.112\webapps\CampusSync.war]
23-Nov-2025 13:10:09.312 INFO [main] org.apache.jasper.servlet.TldScanner.scanJars At least one JAR was scanned for TLDs yet contained no TLDs. Enable debug logging for this logger for a complete list of JARs that were scanned but no TLDs were found in them. Skipping unneeded JARs during scanning can improve startup time and JSP compilation time.
23-Nov-2025 13:10:09.562 INFO [main] org.apache.catalina.startup.HostConfig.deployWAR Deployment of web application archive [C:\Users\User\Desktop\HELP\CAMPUS-SYNC\CampusSync_Files\CampusSync_Tomcat\apache-tomcat-9.0.112\webapps\CampusSync.war] has finished in [2,391] ms
23-Nov-2025 13:10:09.562 INFO [main] org.apache.catalina.startup.HostConfig.deployDirectory Deploying web application directory [C:\Users\User\Desktop\HELP\CAMPUS-SYNC\CampusSync_Files\CampusSync_Tomcat\apache-tomcat-9.0.112\webapps\docs]
23-Nov-2025 13:10:09.656 INFO [main] org.apache.catalina.startup.HostConfig.deployDirectory Deployment of web application directory [C:\Users\User\Desktop\HELP\CAMPUS-SYNC\CampusSync_Files\CampusSync_Tomcat\apache-tomcat-9.0.112\webapps\docs] has finished in [94] ms
23-Nov-2025 13:10:09.656 INFO [main] org.apache.catalina.startup.HostConfig.deployDirectory Deploying web application directory [C:\Users\User\Desktop\HELP\CAMPUS-SYNC\CampusSync_Files\CampusSync_Tomcat\apache-tomcat-9.0.112\webapps\examples]
23-Nov-2025 13:10:10.750 INFO [main] org.apache.catalina.startup.HostConfig.deployDirectory Deployment of web application directory [C:\Users\User\Desktop\HELP\CAMPUS-SYNC\CampusSync_Files\CampusSync_Tomcat\apache-tomcat-9.0.112\webapps\examples] has finished in [1,094] ms
23-Nov-2025 13:10:10.750 INFO [main] org.apache.catalina.startup.HostConfig.deployDirectory Deploying web application directory [C:\Users\User\Desktop\HELP\CAMPUS-SYNC\CampusSync_Files\CampusSync_Tomcat\apache-tomcat-9.0.112\webapps\host-manager]
23-Nov-2025 13:10:10.875 INFO [main] org.apache.catalina.startup.HostConfig.deployDirectory Deployment of web application directory [C:\Users\User\Desktop\HELP\CAMPUS-SYNC\CampusSync_Files\CampusSync_Tomcat\apache-tomcat-9.0.112\webapps\host-manager] has finished in [125] ms
23-Nov-2025 13:10:10.875 INFO [main] org.apache.catalina.startup.HostConfig.deployDirectory Deploying web application directory [C:\Users\User\Desktop\HELP\CAMPUS-SYNC\CampusSync_Files\CampusSync_Tomcat\apache-tomcat-9.0.112\webapps\manager]
23-Nov-2025 13:10:11.000 INFO [main] org.apache.catalina.startup.HostConfig.deployDirectory Deployment of web application directory [C:\Users\User\Desktop\HELP\CAMPUS-SYNC\CampusSync_Files\CampusSync_Tomcat\apache-tomcat-9.0.112\webapps\manager] has finished in [125] ms
23-Nov-2025 13:10:11.016 INFO [main] org.apache.catalina.startup.HostConfig.deployDirectory Deploying web application directory [C:\Users\User\Desktop\HELP\CAMPUS-SYNC\CampusSync_Files\CampusSync_Tomcat\apache-tomcat-9.0.112\webapps\ROOT]
23-Nov-2025 13:10:11.078 INFO [main] org.apache.catalina.startup.HostConfig.deployDirectory Deployment of web application directory [C:\Users\User\Desktop\HELP\CAMPUS-SYNC\CampusSync_Files\CampusSync_Tomcat\apache-tomcat-9.0.112\webapps\ROOT] has finished in [78] ms
23-Nov-2025 13:10:11.096 INFO [main] org.apache.coyote.AbstractProtocol.start Starting ProtocolHandler ["http-nio-8080"]
23-Nov-2025 13:10:11.174 INFO [main] org.apache.catalina.startup.Catalina.start Server startup in [4188] milliseconds
