20-Nov-2025 10:11:25.182 INFO [main] org.apache.catalina.startup.VersionLoggerListener.log Server version name:   Apache Tomcat/9.0.112
20-Nov-2025 10:11:25.229 INFO [main] org.apache.catalina.startup.VersionLoggerListener.log Server built:          Nov 6 2025 07:46:18 UTC
20-Nov-2025 10:11:25.260 INFO [main] org.apache.catalina.startup.VersionLoggerListener.log Server version number: 9.0.112.0
20-Nov-2025 10:11:25.307 INFO [main] org.apache.catalina.startup.VersionLoggerListener.log OS Name:               Windows 10
20-Nov-2025 10:11:25.307 INFO [main] org.apache.catalina.startup.VersionLoggerListener.log OS Version:            10.0
20-Nov-2025 10:11:25.323 INFO [main] org.apache.catalina.startup.VersionLoggerListener.log Architecture:          amd64
20-Nov-2025 10:11:25.338 INFO [main] org.apache.catalina.startup.VersionLoggerListener.log Java Home:             C:\Program Files\Java\jdk-17
20-Nov-2025 10:11:25.338 INFO [main] org.apache.catalina.startup.VersionLoggerListener.log JVM Version:           17.0.16+12-LTS-247
20-Nov-2025 10:11:25.338 INFO [main] org.apache.catalina.startup.VersionLoggerListener.log JVM Vendor:            Oracle Corporation
20-Nov-2025 10:11:25.338 INFO [main] org.apache.catalina.startup.VersionLoggerListener.log CATALINA_BASE:         C:\Users\User\Desktop\HELP\CAMPUS-SYNC\CampusSync_Files\CampusSync_Tomcat\apache-tomcat-9.0.112
20-Nov-2025 10:11:25.338 INFO [main] org.apache.catalina.startup.VersionLoggerListener.log CATALINA_HOME:         C:\Users\User\Desktop\HELP\CAMPUS-SYNC\CampusSync_Files\CampusSync_Tomcat\apache-tomcat-9.0.112
20-Nov-2025 10:11:25.338 INFO [main] org.apache.catalina.startup.VersionLoggerListener.log Command line argument: --add-opens=java.base/java.lang=ALL-UNNAMED
20-Nov-2025 10:11:25.354 INFO [main] org.apache.catalina.startup.VersionLoggerListener.log Command line argument: --add-opens=java.base/java.lang.invoke=ALL-UNNAMED
20-Nov-2025 10:11:25.354 INFO [main] org.apache.catalina.startup.VersionLoggerListener.log Command line argument: --add-opens=java.base/java.lang.reflect=ALL-UNNAMED
20-Nov-2025 10:11:25.354 INFO [main] org.apache.catalina.startup.VersionLoggerListener.log Command line argument: --add-opens=java.base/java.io=ALL-UNNAMED
20-Nov-2025 10:11:25.354 INFO [main] org.apache.catalina.startup.VersionLoggerListener.log Command line argument: --add-opens=java.base/java.util=ALL-UNNAMED
20-Nov-2025 10:11:25.370 INFO [main] org.apache.catalina.startup.VersionLoggerListener.log Command line argument: --add-opens=java.base/java.util.concurrent=ALL-UNNAMED
20-Nov-2025 10:11:25.385 INFO [main] org.apache.catalina.startup.VersionLoggerListener.log Command line argument: --add-opens=java.rmi/sun.rmi.transport=ALL-UNNAMED
20-Nov-2025 10:11:25.385 INFO [main] org.apache.catalina.startup.VersionLoggerListener.log Command line argument: -Djava.util.logging.config.file=C:\Users\User\Desktop\HELP\CAMPUS-SYNC\CampusSync_Files\CampusSync_Tomcat\apache-tomcat-9.0.112\conf\logging.properties
20-Nov-2025 10:11:25.401 INFO [main] org.apache.catalina.startup.VersionLoggerListener.log Command line argument: -Djava.util.logging.manager=org.apache.juli.ClassLoaderLogManager
20-Nov-2025 10:11:25.401 INFO [main] org.apache.catalina.startup.VersionLoggerListener.log Command line argument: -Djdk.tls.ephemeralDHKeySize=2048
20-Nov-2025 10:11:25.417 INFO [main] org.apache.catalina.startup.VersionLoggerListener.log Command line argument: -Djava.protocol.handler.pkgs=org.apache.catalina.webresources
20-Nov-2025 10:11:25.432 INFO [main] org.apache.catalina.startup.VersionLoggerListener.log Command line argument: -Dsun.io.useCanonCaches=false
20-Nov-2025 10:11:25.432 INFO [main] org.apache.catalina.startup.VersionLoggerListener.log Command line argument: -Dignore.endorsed.dirs=
20-Nov-2025 10:11:25.432 INFO [main] org.apache.catalina.startup.VersionLoggerListener.log Command line argument: -Dcatalina.base=C:\Users\User\Desktop\HELP\CAMPUS-SYNC\CampusSync_Files\CampusSync_Tomcat\apache-tomcat-9.0.112
20-Nov-2025 10:11:25.432 INFO [main] org.apache.catalina.startup.VersionLoggerListener.log Command line argument: -Dcatalina.home=C:\Users\User\Desktop\HELP\CAMPUS-SYNC\CampusSync_Files\CampusSync_Tomcat\apache-tomcat-9.0.112
20-Nov-2025 10:11:25.432 INFO [main] org.apache.catalina.startup.VersionLoggerListener.log Command line argument: -Djava.io.tmpdir=C:\Users\User\Desktop\HELP\CAMPUS-SYNC\CampusSync_Files\CampusSync_Tomcat\apache-tomcat-9.0.112\temp
20-Nov-2025 10:11:25.448 INFO [main] org.apache.catalina.core.AprLifecycleListener.lifecycleEvent Loaded Apache Tomcat Native library [1.3.1] using APR version [1.7.4].
20-Nov-2025 10:11:25.448 INFO [main] org.apache.catalina.core.AprLifecycleListener.lifecycleEvent APR capabilities: IPv6 [true], sendfile [true], accept filters [false], random [true], UDS [true].
20-Nov-2025 10:11:25.448 INFO [main] org.apache.catalina.core.AprLifecycleListener.lifecycleEvent APR/OpenSSL configuration: useAprConnector [false], useOpenSSL [true]
20-Nov-2025 10:11:25.510 INFO [main] org.apache.catalina.core.AprLifecycleListener.initializeSSL OpenSSL successfully initialized [OpenSSL 3.0.14 4 Jun 2024]
20-Nov-2025 10:11:26.338 INFO [main] org.apache.coyote.AbstractProtocol.init Initializing ProtocolHandler ["http-nio-8080"]
20-Nov-2025 10:11:26.401 INFO [main] org.apache.catalina.startup.Catalina.load Server initialization in [1863] milliseconds
20-Nov-2025 10:11:26.573 INFO [main] org.apache.catalina.core.StandardService.startInternal Starting service [Catalina]
20-Nov-2025 10:11:26.573 INFO [main] org.apache.catalina.core.StandardEngine.startInternal Starting Servlet engine: [Apache Tomcat/9.0.112]
20-Nov-2025 10:11:26.682 INFO [main] org.apache.catalina.startup.HostConfig.deployWAR Deploying web application archive [C:\Users\User\Desktop\HELP\CAMPUS-SYNC\CampusSync_Files\CampusSync_Tomcat\apache-tomcat-9.0.112\webapps\CampusSync.war]
20-Nov-2025 10:11:34.679 INFO [main] org.apache.jasper.servlet.TldScanner.scanJars At least one JAR was scanned for TLDs yet contained no TLDs. Enable debug logging for this logger for a complete list of JARs that were scanned but no TLDs were found in them. Skipping unneeded JARs during scanning can improve startup time and JSP compilation time.
20-Nov-2025 10:11:34.939 INFO [main] org.apache.catalina.startup.HostConfig.deployWAR Deployment of web application archive [C:\Users\User\Desktop\HELP\CAMPUS-SYNC\CampusSync_Files\CampusSync_Tomcat\apache-tomcat-9.0.112\webapps\CampusSync.war] has finished in [8,257] ms
20-Nov-2025 10:11:34.939 INFO [main] org.apache.catalina.startup.HostConfig.deployDirectory Deploying web application directory [C:\Users\User\Desktop\HELP\CAMPUS-SYNC\CampusSync_Files\CampusSync_Tomcat\apache-tomcat-9.0.112\webapps\docs]
20-Nov-2025 10:11:35.072 INFO [main] org.apache.catalina.startup.HostConfig.deployDirectory Deployment of web application directory [C:\Users\User\Desktop\HELP\CAMPUS-SYNC\CampusSync_Files\CampusSync_Tomcat\apache-tomcat-9.0.112\webapps\docs] has finished in [133] ms
20-Nov-2025 10:11:35.080 INFO [main] org.apache.catalina.startup.HostConfig.deployDirectory Deploying web application directory [C:\Users\User\Desktop\HELP\CAMPUS-SYNC\CampusSync_Files\CampusSync_Tomcat\apache-tomcat-9.0.112\webapps\examples]
20-Nov-2025 10:11:37.540 INFO [main] org.apache.catalina.startup.HostConfig.deployDirectory Deployment of web application directory [C:\Users\User\Desktop\HELP\CAMPUS-SYNC\CampusSync_Files\CampusSync_Tomcat\apache-tomcat-9.0.112\webapps\examples] has finished in [2,460] ms
20-Nov-2025 10:11:37.540 INFO [main] org.apache.catalina.startup.HostConfig.deployDirectory Deploying web application directory [C:\Users\User\Desktop\HELP\CAMPUS-SYNC\CampusSync_Files\CampusSync_Tomcat\apache-tomcat-9.0.112\webapps\host-manager]
20-Nov-2025 10:11:37.824 INFO [main] org.apache.catalina.startup.HostConfig.deployDirectory Deployment of web application directory [C:\Users\User\Desktop\HELP\CAMPUS-SYNC\CampusSync_Files\CampusSync_Tomcat\apache-tomcat-9.0.112\webapps\host-manager] has finished in [284] ms
20-Nov-2025 10:11:37.824 INFO [main] org.apache.catalina.startup.HostConfig.deployDirectory Deploying web application directory [C:\Users\User\Desktop\HELP\CAMPUS-SYNC\CampusSync_Files\CampusSync_Tomcat\apache-tomcat-9.0.112\webapps\manager]
20-Nov-2025 10:11:38.005 INFO [main] org.apache.catalina.startup.HostConfig.deployDirectory Deployment of web application directory [C:\Users\User\Desktop\HELP\CAMPUS-SYNC\CampusSync_Files\CampusSync_Tomcat\apache-tomcat-9.0.112\webapps\manager] has finished in [181] ms
20-Nov-2025 10:11:38.007 INFO [main] org.apache.catalina.startup.HostConfig.deployDirectory Deploying web application directory [C:\Users\User\Desktop\HELP\CAMPUS-SYNC\CampusSync_Files\CampusSync_Tomcat\apache-tomcat-9.0.112\webapps\ROOT]
20-Nov-2025 10:11:38.097 INFO [main] org.apache.catalina.startup.HostConfig.deployDirectory Deployment of web application directory [C:\Users\User\Desktop\HELP\CAMPUS-SYNC\CampusSync_Files\CampusSync_Tomcat\apache-tomcat-9.0.112\webapps\ROOT] has finished in [82] ms
20-Nov-2025 10:11:38.105 INFO [main] org.apache.coyote.AbstractProtocol.start Starting ProtocolHandler ["http-nio-8080"]
20-Nov-2025 10:11:38.186 INFO [main] org.apache.catalina.startup.Catalina.start Server startup in [11781] milliseconds
20-Nov-2025 10:25:11.679 INFO [main] org.apache.catalina.startup.VersionLoggerListener.log Server version name:   Apache Tomcat/9.0.112
20-Nov-2025 10:25:11.689 INFO [main] org.apache.catalina.startup.VersionLoggerListener.log Server built:          Nov 6 2025 07:46:18 UTC
20-Nov-2025 10:25:11.689 INFO [main] org.apache.catalina.startup.VersionLoggerListener.log Server version number: 9.0.112.0
20-Nov-2025 10:25:11.689 INFO [main] org.apache.catalina.startup.VersionLoggerListener.log OS Name:               Windows 10
20-Nov-2025 10:25:11.689 INFO [main] org.apache.catalina.startup.VersionLoggerListener.log OS Version:            10.0
20-Nov-2025 10:25:11.689 INFO [main] org.apache.catalina.startup.VersionLoggerListener.log Architecture:          amd64
20-Nov-2025 10:25:11.689 INFO [main] org.apache.catalina.startup.VersionLoggerListener.log Java Home:             C:\Program Files\Java\jdk-17
20-Nov-2025 10:25:11.689 INFO [main] org.apache.catalina.startup.VersionLoggerListener.log JVM Version:           17.0.16+12-LTS-247
20-Nov-2025 10:25:11.689 INFO [main] org.apache.catalina.startup.VersionLoggerListener.log JVM Vendor:            Oracle Corporation
20-Nov-2025 10:25:11.689 INFO [main] org.apache.catalina.startup.VersionLoggerListener.log CATALINA_BASE:         C:\Users\User\Desktop\HELP\CAMPUS-SYNC\CampusSync_Files\CampusSync_Tomcat\apache-tomcat-9.0.112
20-Nov-2025 10:25:11.689 INFO [main] org.apache.catalina.startup.VersionLoggerListener.log CATALINA_HOME:         C:\Users\User\Desktop\HELP\CAMPUS-SYNC\CampusSync_Files\CampusSync_Tomcat\apache-tomcat-9.0.112
20-Nov-2025 10:25:11.712 INFO [main] org.apache.catalina.startup.VersionLoggerListener.log Command line argument: --add-opens=java.base/java.lang=ALL-UNNAMED
20-Nov-2025 10:25:11.712 INFO [main] org.apache.catalina.startup.VersionLoggerListener.log Command line argument: --add-opens=java.base/java.lang.invoke=ALL-UNNAMED
20-Nov-2025 10:25:11.712 INFO [main] org.apache.catalina.startup.VersionLoggerListener.log Command line argument: --add-opens=java.base/java.lang.reflect=ALL-UNNAMED
20-Nov-2025 10:25:11.712 INFO [main] org.apache.catalina.startup.VersionLoggerListener.log Command line argument: --add-opens=java.base/java.io=ALL-UNNAMED
20-Nov-2025 10:25:11.712 INFO [main] org.apache.catalina.startup.VersionLoggerListener.log Command line argument: --add-opens=java.base/java.util=ALL-UNNAMED
20-Nov-2025 10:25:11.712 INFO [main] org.apache.catalina.startup.VersionLoggerListener.log Command line argument: --add-opens=java.base/java.util.concurrent=ALL-UNNAMED
20-Nov-2025 10:25:11.712 INFO [main] org.apache.catalina.startup.VersionLoggerListener.log Command line argument: --add-opens=java.rmi/sun.rmi.transport=ALL-UNNAMED
20-Nov-2025 10:25:11.712 INFO [main] org.apache.catalina.startup.VersionLoggerListener.log Command line argument: -Djava.util.logging.config.file=C:\Users\User\Desktop\HELP\CAMPUS-SYNC\CampusSync_Files\CampusSync_Tomcat\apache-tomcat-9.0.112\conf\logging.properties
20-Nov-2025 10:25:11.712 INFO [main] org.apache.catalina.startup.VersionLoggerListener.log Command line argument: -Djava.util.logging.manager=org.apache.juli.ClassLoaderLogManager
20-Nov-2025 10:25:11.712 INFO [main] org.apache.catalina.startup.VersionLoggerListener.log Command line argument: -Djdk.tls.ephemeralDHKeySize=2048
20-Nov-2025 10:25:11.712 INFO [main] org.apache.catalina.startup.VersionLoggerListener.log Command line argument: -Djava.protocol.handler.pkgs=org.apache.catalina.webresources
20-Nov-2025 10:25:11.712 INFO [main] org.apache.catalina.startup.VersionLoggerListener.log Command line argument: -Dsun.io.useCanonCaches=false
20-Nov-2025 10:25:11.712 INFO [main] org.apache.catalina.startup.VersionLoggerListener.log Command line argument: -Dignore.endorsed.dirs=
20-Nov-2025 10:25:11.712 INFO [main] org.apache.catalina.startup.VersionLoggerListener.log Command line argument: -Dcatalina.base=C:\Users\User\Desktop\HELP\CAMPUS-SYNC\CampusSync_Files\CampusSync_Tomcat\apache-tomcat-9.0.112
20-Nov-2025 10:25:11.712 INFO [main] org.apache.catalina.startup.VersionLoggerListener.log Command line argument: -Dcatalina.home=C:\Users\User\Desktop\HELP\CAMPUS-SYNC\CampusSync_Files\CampusSync_Tomcat\apache-tomcat-9.0.112
20-Nov-2025 10:25:11.712 INFO [main] org.apache.catalina.startup.VersionLoggerListener.log Command line argument: -Djava.io.tmpdir=C:\Users\User\Desktop\HELP\CAMPUS-SYNC\CampusSync_Files\CampusSync_Tomcat\apache-tomcat-9.0.112\temp
20-Nov-2025 10:25:11.728 INFO [main] org.apache.catalina.core.AprLifecycleListener.lifecycleEvent Loaded Apache Tomcat Native library [1.3.1] using APR version [1.7.4].
20-Nov-2025 10:25:11.728 INFO [main] org.apache.catalina.core.AprLifecycleListener.lifecycleEvent APR capabilities: IPv6 [true], sendfile [true], accept filters [false], random [true], UDS [true].
20-Nov-2025 10:25:11.728 INFO [main] org.apache.catalina.core.AprLifecycleListener.lifecycleEvent APR/OpenSSL configuration: useAprConnector [false], useOpenSSL [true]
20-Nov-2025 10:25:11.743 INFO [main] org.apache.catalina.core.AprLifecycleListener.initializeSSL OpenSSL successfully initialized [OpenSSL 3.0.14 4 Jun 2024]
20-Nov-2025 10:25:12.546 INFO [main] org.apache.coyote.AbstractProtocol.init Initializing ProtocolHandler ["http-nio-8080"]
20-Nov-2025 10:25:12.593 INFO [main] org.apache.catalina.startup.Catalina.load Server initialization in [1339] milliseconds
20-Nov-2025 10:25:12.671 INFO [main] org.apache.catalina.core.StandardService.startInternal Starting service [Catalina]
20-Nov-2025 10:25:12.671 INFO [main] org.apache.catalina.core.StandardEngine.startInternal Starting Servlet engine: [Apache Tomcat/9.0.112]
20-Nov-2025 10:25:12.703 INFO [main] org.apache.catalina.startup.HostConfig.deployWAR Deploying web application archive [C:\Users\User\Desktop\HELP\CAMPUS-SYNC\CampusSync_Files\CampusSync_Tomcat\apache-tomcat-9.0.112\webapps\CampusSync.war]
20-Nov-2025 10:25:14.796 INFO [main] org.apache.jasper.servlet.TldScanner.scanJars At least one JAR was scanned for TLDs yet contained no TLDs. Enable debug logging for this logger for a complete list of JARs that were scanned but no TLDs were found in them. Skipping unneeded JARs during scanning can improve startup time and JSP compilation time.
20-Nov-2025 10:25:15.015 INFO [main] org.apache.catalina.startup.HostConfig.deployWAR Deployment of web application archive [C:\Users\User\Desktop\HELP\CAMPUS-SYNC\CampusSync_Files\CampusSync_Tomcat\apache-tomcat-9.0.112\webapps\CampusSync.war] has finished in [2,312] ms
20-Nov-2025 10:25:15.015 INFO [main] org.apache.catalina.startup.HostConfig.deployDirectory Deploying web application directory [C:\Users\User\Desktop\HELP\CAMPUS-SYNC\CampusSync_Files\CampusSync_Tomcat\apache-tomcat-9.0.112\webapps\docs]
20-Nov-2025 10:25:15.124 INFO [main] org.apache.catalina.startup.HostConfig.deployDirectory Deployment of web application directory [C:\Users\User\Desktop\HELP\CAMPUS-SYNC\CampusSync_Files\CampusSync_Tomcat\apache-tomcat-9.0.112\webapps\docs] has finished in [109] ms
20-Nov-2025 10:25:15.124 INFO [main] org.apache.catalina.startup.HostConfig.deployDirectory Deploying web application directory [C:\Users\User\Desktop\HELP\CAMPUS-SYNC\CampusSync_Files\CampusSync_Tomcat\apache-tomcat-9.0.112\webapps\examples]
20-Nov-2025 10:25:16.171 INFO [main] org.apache.catalina.startup.HostConfig.deployDirectory Deployment of web application directory [C:\Users\User\Desktop\HELP\CAMPUS-SYNC\CampusSync_Files\CampusSync_Tomcat\apache-tomcat-9.0.112\webapps\examples] has finished in [1,047] ms
20-Nov-2025 10:25:16.171 INFO [main] org.apache.catalina.startup.HostConfig.deployDirectory Deploying web application directory [C:\Users\User\Desktop\HELP\CAMPUS-SYNC\CampusSync_Files\CampusSync_Tomcat\apache-tomcat-9.0.112\webapps\host-manager]
20-Nov-2025 10:25:16.296 INFO [main] org.apache.catalina.startup.HostConfig.deployDirectory Deployment of web application directory [C:\Users\User\Desktop\HELP\CAMPUS-SYNC\CampusSync_Files\CampusSync_Tomcat\apache-tomcat-9.0.112\webapps\host-manager] has finished in [125] ms
20-Nov-2025 10:25:16.296 INFO [main] org.apache.catalina.startup.HostConfig.deployDirectory Deploying web application directory [C:\Users\User\Desktop\HELP\CAMPUS-SYNC\CampusSync_Files\CampusSync_Tomcat\apache-tomcat-9.0.112\webapps\manager]
20-Nov-2025 10:25:16.421 INFO [main] org.apache.catalina.startup.HostConfig.deployDirectory Deployment of web application directory [C:\Users\User\Desktop\HELP\CAMPUS-SYNC\CampusSync_Files\CampusSync_Tomcat\apache-tomcat-9.0.112\webapps\manager] has finished in [125] ms
20-Nov-2025 10:25:16.421 INFO [main] org.apache.catalina.startup.HostConfig.deployDirectory Deploying web application directory [C:\Users\User\Desktop\HELP\CAMPUS-SYNC\CampusSync_Files\CampusSync_Tomcat\apache-tomcat-9.0.112\webapps\ROOT]
20-Nov-2025 10:25:16.499 INFO [main] org.apache.catalina.startup.HostConfig.deployDirectory Deployment of web application directory [C:\Users\User\Desktop\HELP\CAMPUS-SYNC\CampusSync_Files\CampusSync_Tomcat\apache-tomcat-9.0.112\webapps\ROOT] has finished in [78] ms
20-Nov-2025 10:25:16.518 INFO [main] org.apache.coyote.AbstractProtocol.start Starting ProtocolHandler ["http-nio-8080"]
20-Nov-2025 10:25:16.596 INFO [main] org.apache.catalina.startup.Catalina.start Server startup in [3998] milliseconds
20-Nov-2025 20:01:43.330 INFO [main] org.apache.catalina.startup.VersionLoggerListener.log Server version name:   Apache Tomcat/9.0.112
20-Nov-2025 20:01:43.348 INFO [main] org.apache.catalina.startup.VersionLoggerListener.log Server built:          Nov 6 2025 07:46:18 UTC
20-Nov-2025 20:01:43.348 INFO [main] org.apache.catalina.startup.VersionLoggerListener.log Server version number: 9.0.112.0
20-Nov-2025 20:01:43.348 INFO [main] org.apache.catalina.startup.VersionLoggerListener.log OS Name:               Windows 10
20-Nov-2025 20:01:43.348 INFO [main] org.apache.catalina.startup.VersionLoggerListener.log OS Version:            10.0
20-Nov-2025 20:01:43.348 INFO [main] org.apache.catalina.startup.VersionLoggerListener.log Architecture:          amd64
20-Nov-2025 20:01:43.348 INFO [main] org.apache.catalina.startup.VersionLoggerListener.log Java Home:             C:\Program Files\Java\jdk-17
20-Nov-2025 20:01:43.348 INFO [main] org.apache.catalina.startup.VersionLoggerListener.log JVM Version:           17.0.16+12-LTS-247
20-Nov-2025 20:01:43.348 INFO [main] org.apache.catalina.startup.VersionLoggerListener.log JVM Vendor:            Oracle Corporation
20-Nov-2025 20:01:43.348 INFO [main] org.apache.catalina.startup.VersionLoggerListener.log CATALINA_BASE:         C:\Users\User\Desktop\HELP\CAMPUS-SYNC\CampusSync_Files\CampusSync_Tomcat\apache-tomcat-9.0.112
20-Nov-2025 20:01:43.348 INFO [main] org.apache.catalina.startup.VersionLoggerListener.log CATALINA_HOME:         C:\Users\User\Desktop\HELP\CAMPUS-SYNC\CampusSync_Files\CampusSync_Tomcat\apache-tomcat-9.0.112
20-Nov-2025 20:01:43.396 INFO [main] org.apache.catalina.startup.VersionLoggerListener.log Command line argument: --add-opens=java.base/java.lang=ALL-UNNAMED
20-Nov-2025 20:01:43.396 INFO [main] org.apache.catalina.startup.VersionLoggerListener.log Command line argument: --add-opens=java.base/java.lang.invoke=ALL-UNNAMED
20-Nov-2025 20:01:43.396 INFO [main] org.apache.catalina.startup.VersionLoggerListener.log Command line argument: --add-opens=java.base/java.lang.reflect=ALL-UNNAMED
20-Nov-2025 20:01:43.396 INFO [main] org.apache.catalina.startup.VersionLoggerListener.log Command line argument: --add-opens=java.base/java.io=ALL-UNNAMED
20-Nov-2025 20:01:43.396 INFO [main] org.apache.catalina.startup.VersionLoggerListener.log Command line argument: --add-opens=java.base/java.util=ALL-UNNAMED
20-Nov-2025 20:01:43.396 INFO [main] org.apache.catalina.startup.VersionLoggerListener.log Command line argument: --add-opens=java.base/java.util.concurrent=ALL-UNNAMED
20-Nov-2025 20:01:43.396 INFO [main] org.apache.catalina.startup.VersionLoggerListener.log Command line argument: --add-opens=java.rmi/sun.rmi.transport=ALL-UNNAMED
20-Nov-2025 20:01:43.396 INFO [main] org.apache.catalina.startup.VersionLoggerListener.log Command line argument: -Djava.util.logging.config.file=C:\Users\User\Desktop\HELP\CAMPUS-SYNC\CampusSync_Files\CampusSync_Tomcat\apache-tomcat-9.0.112\conf\logging.properties
20-Nov-2025 20:01:43.396 INFO [main] org.apache.catalina.startup.VersionLoggerListener.log Command line argument: -Djava.util.logging.manager=org.apache.juli.ClassLoaderLogManager
20-Nov-2025 20:01:43.396 INFO [main] org.apache.catalina.startup.VersionLoggerListener.log Command line argument: -Djdk.tls.ephemeralDHKeySize=2048
20-Nov-2025 20:01:43.396 INFO [main] org.apache.catalina.startup.VersionLoggerListener.log Command line argument: -Djava.protocol.handler.pkgs=org.apache.catalina.webresources
20-Nov-2025 20:01:43.396 INFO [main] org.apache.catalina.startup.VersionLoggerListener.log Command line argument: -Dsun.io.useCanonCaches=false
20-Nov-2025 20:01:43.396 INFO [main] org.apache.catalina.startup.VersionLoggerListener.log Command line argument: -Dignore.endorsed.dirs=
20-Nov-2025 20:01:43.396 INFO [main] org.apache.catalina.startup.VersionLoggerListener.log Command line argument: -Dcatalina.base=C:\Users\User\Desktop\HELP\CAMPUS-SYNC\CampusSync_Files\CampusSync_Tomcat\apache-tomcat-9.0.112
20-Nov-2025 20:01:43.396 INFO [main] org.apache.catalina.startup.VersionLoggerListener.log Command line argument: -Dcatalina.home=C:\Users\User\Desktop\HELP\CAMPUS-SYNC\CampusSync_Files\CampusSync_Tomcat\apache-tomcat-9.0.112
20-Nov-2025 20:01:43.396 INFO [main] org.apache.catalina.startup.VersionLoggerListener.log Command line argument: -Djava.io.tmpdir=C:\Users\User\Desktop\HELP\CAMPUS-SYNC\CampusSync_Files\CampusSync_Tomcat\apache-tomcat-9.0.112\temp
20-Nov-2025 20:01:43.411 INFO [main] org.apache.catalina.core.AprLifecycleListener.lifecycleEvent Loaded Apache Tomcat Native library [1.3.1] using APR version [1.7.4].
20-Nov-2025 20:01:43.411 INFO [main] org.apache.catalina.core.AprLifecycleListener.lifecycleEvent APR capabilities: IPv6 [true], sendfile [true], accept filters [false], random [true], UDS [true].
20-Nov-2025 20:01:43.411 INFO [main] org.apache.catalina.core.AprLifecycleListener.lifecycleEvent APR/OpenSSL configuration: useAprConnector [false], useOpenSSL [true]
20-Nov-2025 20:01:43.458 INFO [main] org.apache.catalina.core.AprLifecycleListener.initializeSSL OpenSSL successfully initialized [OpenSSL 3.0.14 4 Jun 2024]
20-Nov-2025 20:01:44.099 INFO [main] org.apache.coyote.AbstractProtocol.init Initializing ProtocolHandler ["http-nio-8080"]
20-Nov-2025 20:01:44.208 INFO [main] org.apache.catalina.startup.Catalina.load Server initialization in [1307] milliseconds
20-Nov-2025 20:01:44.333 INFO [main] org.apache.catalina.core.StandardService.startInternal Starting service [Catalina]
20-Nov-2025 20:01:44.349 INFO [main] org.apache.catalina.core.StandardEngine.startInternal Starting Servlet engine: [Apache Tomcat/9.0.112]
20-Nov-2025 20:01:44.411 INFO [main] org.apache.catalina.startup.HostConfig.deployWAR Deploying web application archive [C:\Users\User\Desktop\HELP\CAMPUS-SYNC\CampusSync_Files\CampusSync_Tomcat\apache-tomcat-9.0.112\webapps\CampusSync.war]
20-Nov-2025 20:01:46.958 INFO [main] org.apache.jasper.servlet.TldScanner.scanJars At least one JAR was scanned for TLDs yet contained no TLDs. Enable debug logging for this logger for a complete list of JARs that were scanned but no TLDs were found in them. Skipping unneeded JARs during scanning can improve startup time and JSP compilation time.
20-Nov-2025 20:01:47.239 INFO [main] org.apache.catalina.startup.HostConfig.deployWAR Deployment of web application archive [C:\Users\User\Desktop\HELP\CAMPUS-SYNC\CampusSync_Files\CampusSync_Tomcat\apache-tomcat-9.0.112\webapps\CampusSync.war] has finished in [2,828] ms
20-Nov-2025 20:01:47.255 INFO [main] org.apache.catalina.startup.HostConfig.deployDirectory Deploying web application directory [C:\Users\User\Desktop\HELP\CAMPUS-SYNC\CampusSync_Files\CampusSync_Tomcat\apache-tomcat-9.0.112\webapps\docs]
20-Nov-2025 20:01:47.364 INFO [main] org.apache.catalina.startup.HostConfig.deployDirectory Deployment of web application directory [C:\Users\User\Desktop\HELP\CAMPUS-SYNC\CampusSync_Files\CampusSync_Tomcat\apache-tomcat-9.0.112\webapps\docs] has finished in [109] ms
20-Nov-2025 20:01:47.364 INFO [main] org.apache.catalina.startup.HostConfig.deployDirectory Deploying web application directory [C:\Users\User\Desktop\HELP\CAMPUS-SYNC\CampusSync_Files\CampusSync_Tomcat\apache-tomcat-9.0.112\webapps\examples]
20-Nov-2025 20:01:48.567 INFO [main] org.apache.catalina.startup.HostConfig.deployDirectory Deployment of web application directory [C:\Users\User\Desktop\HELP\CAMPUS-SYNC\CampusSync_Files\CampusSync_Tomcat\apache-tomcat-9.0.112\webapps\examples] has finished in [1,203] ms
20-Nov-2025 20:01:48.567 INFO [main] org.apache.catalina.startup.HostConfig.deployDirectory Deploying web application directory [C:\Users\User\Desktop\HELP\CAMPUS-SYNC\CampusSync_Files\CampusSync_Tomcat\apache-tomcat-9.0.112\webapps\host-manager]
20-Nov-2025 20:01:48.676 INFO [main] org.apache.catalina.startup.HostConfig.deployDirectory Deployment of web application directory [C:\Users\User\Desktop\HELP\CAMPUS-SYNC\CampusSync_Files\CampusSync_Tomcat\apache-tomcat-9.0.112\webapps\host-manager] has finished in [109] ms
20-Nov-2025 20:01:48.676 INFO [main] org.apache.catalina.startup.HostConfig.deployDirectory Deploying web application directory [C:\Users\User\Desktop\HELP\CAMPUS-SYNC\CampusSync_Files\CampusSync_Tomcat\apache-tomcat-9.0.112\webapps\manager]
20-Nov-2025 20:01:48.833 INFO [main] org.apache.catalina.startup.HostConfig.deployDirectory Deployment of web application directory [C:\Users\User\Desktop\HELP\CAMPUS-SYNC\CampusSync_Files\CampusSync_Tomcat\apache-tomcat-9.0.112\webapps\manager] has finished in [157] ms
20-Nov-2025 20:01:48.833 INFO [main] org.apache.catalina.startup.HostConfig.deployDirectory Deploying web application directory [C:\Users\User\Desktop\HELP\CAMPUS-SYNC\CampusSync_Files\CampusSync_Tomcat\apache-tomcat-9.0.112\webapps\ROOT]
20-Nov-2025 20:01:48.911 INFO [main] org.apache.catalina.startup.HostConfig.deployDirectory Deployment of web application directory [C:\Users\User\Desktop\HELP\CAMPUS-SYNC\CampusSync_Files\CampusSync_Tomcat\apache-tomcat-9.0.112\webapps\ROOT] has finished in [78] ms
20-Nov-2025 20:01:48.926 INFO [main] org.apache.coyote.AbstractProtocol.start Starting ProtocolHandler ["http-nio-8080"]
20-Nov-2025 20:01:49.020 INFO [main] org.apache.catalina.startup.Catalina.start Server startup in [4812] milliseconds
