19-Nov-2025 00:34:41.920 INFO [main] org.apache.catalina.core.ApplicationContext.log ContextListener: contextInitialized()
19-Nov-2025 00:34:41.921 INFO [main] org.apache.catalina.core.ApplicationContext.log SessionListener: contextInitialized()
19-Nov-2025 00:34:41.927 INFO [main] org.apache.catalina.core.ApplicationContext.log ContextListener: attributeAdded('StockTicker', 'async.Stockticker@291373d3')
19-Nov-2025 00:44:00.399 INFO [main] org.apache.catalina.core.ApplicationContext.log ContextListener: contextInitialized()
19-Nov-2025 00:44:00.414 INFO [main] org.apache.catalina.core.ApplicationContext.log SessionListener: contextInitialized()
19-Nov-2025 00:44:00.414 INFO [main] org.apache.catalina.core.ApplicationContext.log ContextListener: attributeAdded('StockTicker', 'async.Stockticker@3204e238')
19-Nov-2025 00:53:43.584 INFO [main] org.apache.catalina.core.ApplicationContext.log ContextListener: contextInitialized()
19-Nov-2025 00:53:43.585 INFO [main] org.apache.catalina.core.ApplicationContext.log SessionListener: contextInitialized()
19-Nov-2025 00:53:43.590 INFO [main] org.apache.catalina.core.ApplicationContext.log ContextListener: attributeAdded('StockTicker', 'async.Stockticker@56da7487')
19-Nov-2025 00:54:07.493 INFO [main] org.apache.catalina.core.ApplicationContext.log ContextListener: contextInitialized()
19-Nov-2025 00:54:07.494 INFO [main] org.apache.catalina.core.ApplicationContext.log SessionListener: contextInitialized()
19-Nov-2025 00:54:07.500 INFO [main] org.apache.catalina.core.ApplicationContext.log ContextListener: attributeAdded('StockTicker', 'async.Stockticker@1d9bd4da')
19-Nov-2025 00:54:36.205 SEVERE [http-nio-8080-exec-8] org.apache.catalina.core.ApplicationDispatcher.invoke Servlet.service() for servlet [jsp] threw exception
	java.sql.SQLException: Column 'created_at' not found.
		at com.mysql.cj.jdbc.exceptions.SQLError.createSQLException(SQLError.java:130)
		at com.mysql.cj.jdbc.exceptions.SQLError.createSQLException(SQLError.java:98)
		at com.mysql.cj.jdbc.exceptions.SQLError.createSQLException(SQLError.java:90)
		at com.mysql.cj.jdbc.exceptions.SQLError.createSQLException(SQLError.java:64)
		at com.mysql.cj.jdbc.result.ResultSetImpl.findColumn(ResultSetImpl.java:584)
		at com.mysql.cj.jdbc.result.ResultSetImpl.getString(ResultSetImpl.java:896)
		at org.apache.jsp.admin.notices_jsp._jspService(notices_jsp.java:268)
		at org.apache.jasper.runtime.HttpJspBase.service(HttpJspBase.java:62)
		at javax.servlet.http.HttpServlet.service(HttpServlet.java:623)
		at org.apache.jasper.servlet.JspServletWrapper.service(JspServletWrapper.java:438)
		at org.apache.jasper.servlet.JspServlet.serviceJspFile(JspServlet.java:349)
		at org.apache.jasper.servlet.JspServlet.service(JspServlet.java:300)
		at javax.servlet.http.HttpServlet.service(HttpServlet.java:623)
		at org.apache.catalina.core.ApplicationFilterChain.internalDoFilter(ApplicationFilterChain.java:197)
		at org.apache.catalina.core.ApplicationFilterChain.doFilter(ApplicationFilterChain.java:142)
		at org.apache.tomcat.websocket.server.WsFilter.doFilter(WsFilter.java:51)
		at org.apache.catalina.core.ApplicationFilterChain.internalDoFilter(ApplicationFilterChain.java:166)
		at org.apache.catalina.core.ApplicationFilterChain.doFilter(ApplicationFilterChain.java:142)
		at org.apache.catalina.core.ApplicationDispatcher.invoke(ApplicationDispatcher.java:619)
		at org.apache.catalina.core.ApplicationDispatcher.processRequest(ApplicationDispatcher.java:399)
		at org.apache.catalina.core.ApplicationDispatcher.doForward(ApplicationDispatcher.java:338)
		at org.apache.catalina.core.ApplicationDispatcher.forward(ApplicationDispatcher.java:283)
		at com.campussync.servlet.AdminServlet.doGet(AdminServlet.java:35)
		at javax.servlet.http.HttpServlet.service(HttpServlet.java:529)
		at javax.servlet.http.HttpServlet.service(HttpServlet.java:623)
		at org.apache.catalina.core.ApplicationFilterChain.internalDoFilter(ApplicationFilterChain.java:197)
		at org.apache.catalina.core.ApplicationFilterChain.doFilter(ApplicationFilterChain.java:142)
		at org.apache.tomcat.websocket.server.WsFilter.doFilter(WsFilter.java:51)
		at org.apache.catalina.core.ApplicationFilterChain.internalDoFilter(ApplicationFilterChain.java:166)
		at org.apache.catalina.core.ApplicationFilterChain.doFilter(ApplicationFilterChain.java:142)
		at org.apache.catalina.core.StandardWrapperValve.invoke(StandardWrapperValve.java:166)
		at org.apache.catalina.core.StandardContextValve.invoke(StandardContextValve.java:88)
		at org.apache.catalina.authenticator.AuthenticatorBase.invoke(AuthenticatorBase.java:481)
		at org.apache.catalina.core.StandardHostValve.invoke(StandardHostValve.java:127)
		at org.apache.catalina.valves.ErrorReportValve.invoke(ErrorReportValve.java:83)
		at org.apache.catalina.valves.AbstractAccessLogValve.invoke(AbstractAccessLogValve.java:643)
		at org.apache.catalina.core.StandardEngineValve.invoke(StandardEngineValve.java:72)
		at org.apache.catalina.connector.CoyoteAdapter.service(CoyoteAdapter.java:344)
		at org.apache.coyote.http11.Http11Processor.service(Http11Processor.java:398)
		at org.apache.coyote.AbstractProcessorLight.process(AbstractProcessorLight.java:63)
		at org.apache.coyote.AbstractProtocol$ConnectionHandler.process(AbstractProtocol.java:935)
		at org.apache.tomcat.util.net.NioEndpoint$SocketProcessor.doRun(NioEndpoint.java:1831)
		at org.apache.tomcat.util.net.SocketProcessorBase.run(SocketProcessorBase.java:52)
		at org.apache.tomcat.util.threads.ThreadPoolExecutor.runWorker(ThreadPoolExecutor.java:973)
		at org.apache.tomcat.util.threads.ThreadPoolExecutor$Worker.run(ThreadPoolExecutor.java:491)
		at org.apache.tomcat.util.threads.TaskThread$WrappingRunnable.run(TaskThread.java:63)
		at java.base/java.lang.Thread.run(Thread.java:842)
19-Nov-2025 00:54:36.205 SEVERE [http-nio-8080-exec-8] org.apache.catalina.core.StandardWrapperValve.invoke Servlet.service() for servlet [AdminServlet] in context with path [/CampusSync] threw exception [An exception occurred processing [/admin/notices.jsp] at line [140]

137:             <tr>
138:                 <td><%= rs.getString("title") %></td>
139:                 <td><%= rs.getString("message") %></td>
140:                 <td class="date"><%= rs.getString("created_at") %></td>
141:             </tr>
142: 
143:             <%


Stacktrace:] with root cause
	java.sql.SQLException: Column 'created_at' not found.
		at com.mysql.cj.jdbc.exceptions.SQLError.createSQLException(SQLError.java:130)
		at com.mysql.cj.jdbc.exceptions.SQLError.createSQLException(SQLError.java:98)
		at com.mysql.cj.jdbc.exceptions.SQLError.createSQLException(SQLError.java:90)
		at com.mysql.cj.jdbc.exceptions.SQLError.createSQLException(SQLError.java:64)
		at com.mysql.cj.jdbc.result.ResultSetImpl.findColumn(ResultSetImpl.java:584)
		at com.mysql.cj.jdbc.result.ResultSetImpl.getString(ResultSetImpl.java:896)
		at org.apache.jsp.admin.notices_jsp._jspService(notices_jsp.java:268)
		at org.apache.jasper.runtime.HttpJspBase.service(HttpJspBase.java:62)
		at javax.servlet.http.HttpServlet.service(HttpServlet.java:623)
		at org.apache.jasper.servlet.JspServletWrapper.service(JspServletWrapper.java:438)
		at org.apache.jasper.servlet.JspServlet.serviceJspFile(JspServlet.java:349)
		at org.apache.jasper.servlet.JspServlet.service(JspServlet.java:300)
		at javax.servlet.http.HttpServlet.service(HttpServlet.java:623)
		at org.apache.catalina.core.ApplicationFilterChain.internalDoFilter(ApplicationFilterChain.java:197)
		at org.apache.catalina.core.ApplicationFilterChain.doFilter(ApplicationFilterChain.java:142)
		at org.apache.tomcat.websocket.server.WsFilter.doFilter(WsFilter.java:51)
		at org.apache.catalina.core.ApplicationFilterChain.internalDoFilter(ApplicationFilterChain.java:166)
		at org.apache.catalina.core.ApplicationFilterChain.doFilter(ApplicationFilterChain.java:142)
		at org.apache.catalina.core.ApplicationDispatcher.invoke(ApplicationDispatcher.java:619)
		at org.apache.catalina.core.ApplicationDispatcher.processRequest(ApplicationDispatcher.java:399)
		at org.apache.catalina.core.ApplicationDispatcher.doForward(ApplicationDispatcher.java:338)
		at org.apache.catalina.core.ApplicationDispatcher.forward(ApplicationDispatcher.java:283)
		at com.campussync.servlet.AdminServlet.doGet(AdminServlet.java:35)
		at javax.servlet.http.HttpServlet.service(HttpServlet.java:529)
		at javax.servlet.http.HttpServlet.service(HttpServlet.java:623)
		at org.apache.catalina.core.ApplicationFilterChain.internalDoFilter(ApplicationFilterChain.java:197)
		at org.apache.catalina.core.ApplicationFilterChain.doFilter(ApplicationFilterChain.java:142)
		at org.apache.tomcat.websocket.server.WsFilter.doFilter(WsFilter.java:51)
		at org.apache.catalina.core.ApplicationFilterChain.internalDoFilter(ApplicationFilterChain.java:166)
		at org.apache.catalina.core.ApplicationFilterChain.doFilter(ApplicationFilterChain.java:142)
		at org.apache.catalina.core.StandardWrapperValve.invoke(StandardWrapperValve.java:166)
		at org.apache.catalina.core.StandardContextValve.invoke(StandardContextValve.java:88)
		at org.apache.catalina.authenticator.AuthenticatorBase.invoke(AuthenticatorBase.java:481)
		at org.apache.catalina.core.StandardHostValve.invoke(StandardHostValve.java:127)
		at org.apache.catalina.valves.ErrorReportValve.invoke(ErrorReportValve.java:83)
		at org.apache.catalina.valves.AbstractAccessLogValve.invoke(AbstractAccessLogValve.java:643)
		at org.apache.catalina.core.StandardEngineValve.invoke(StandardEngineValve.java:72)
		at org.apache.catalina.connector.CoyoteAdapter.service(CoyoteAdapter.java:344)
		at org.apache.coyote.http11.Http11Processor.service(Http11Processor.java:398)
		at org.apache.coyote.AbstractProcessorLight.process(AbstractProcessorLight.java:63)
		at org.apache.coyote.AbstractProtocol$ConnectionHandler.process(AbstractProtocol.java:935)
		at org.apache.tomcat.util.net.NioEndpoint$SocketProcessor.doRun(NioEndpoint.java:1831)
		at org.apache.tomcat.util.net.SocketProcessorBase.run(SocketProcessorBase.java:52)
		at org.apache.tomcat.util.threads.ThreadPoolExecutor.runWorker(ThreadPoolExecutor.java:973)
		at org.apache.tomcat.util.threads.ThreadPoolExecutor$Worker.run(ThreadPoolExecutor.java:491)
		at org.apache.tomcat.util.threads.TaskThread$WrappingRunnable.run(TaskThread.java:63)
		at java.base/java.lang.Thread.run(Thread.java:842)
19-Nov-2025 01:01:21.799 INFO [main] org.apache.catalina.core.ApplicationContext.log ContextListener: contextInitialized()
19-Nov-2025 01:01:21.799 INFO [main] org.apache.catalina.core.ApplicationContext.log SessionListener: contextInitialized()
19-Nov-2025 01:01:21.806 INFO [main] org.apache.catalina.core.ApplicationContext.log ContextListener: attributeAdded('StockTicker', 'async.Stockticker@a5272be')
19-Nov-2025 01:07:22.795 INFO [main] org.apache.catalina.core.ApplicationContext.log ContextListener: contextInitialized()
19-Nov-2025 01:07:22.795 INFO [main] org.apache.catalina.core.ApplicationContext.log SessionListener: contextInitialized()
19-Nov-2025 01:07:22.811 INFO [main] org.apache.catalina.core.ApplicationContext.log ContextListener: attributeAdded('StockTicker', 'async.Stockticker@1d9bd4da')
19-Nov-2025 01:13:35.230 INFO [main] org.apache.catalina.core.ApplicationContext.log ContextListener: contextInitialized()
19-Nov-2025 01:13:35.230 INFO [main] org.apache.catalina.core.ApplicationContext.log SessionListener: contextInitialized()
19-Nov-2025 01:13:35.236 INFO [main] org.apache.catalina.core.ApplicationContext.log ContextListener: attributeAdded('StockTicker', 'async.Stockticker@671d1157')
19-Nov-2025 01:17:29.763 INFO [main] org.apache.catalina.core.ApplicationContext.log ContextListener: contextInitialized()
19-Nov-2025 01:17:29.763 INFO [main] org.apache.catalina.core.ApplicationContext.log SessionListener: contextInitialized()
19-Nov-2025 01:17:29.769 INFO [main] org.apache.catalina.core.ApplicationContext.log ContextListener: attributeAdded('StockTicker', 'async.Stockticker@534180a2')
19-Nov-2025 01:31:36.015 INFO [main] org.apache.catalina.core.ApplicationContext.log ContextListener: contextInitialized()
19-Nov-2025 01:31:36.016 INFO [main] org.apache.catalina.core.ApplicationContext.log SessionListener: contextInitialized()
19-Nov-2025 01:31:36.022 INFO [main] org.apache.catalina.core.ApplicationContext.log ContextListener: attributeAdded('StockTicker', 'async.Stockticker@40e37b06')
19-Nov-2025 01:32:35.241 INFO [main] org.apache.catalina.core.ApplicationContext.log ContextListener: contextInitialized()
19-Nov-2025 01:32:35.241 INFO [main] org.apache.catalina.core.ApplicationContext.log SessionListener: contextInitialized()
19-Nov-2025 01:32:35.249 INFO [main] org.apache.catalina.core.ApplicationContext.log ContextListener: attributeAdded('StockTicker', 'async.Stockticker@3204e238')
19-Nov-2025 01:43:47.975 INFO [main] org.apache.catalina.core.ApplicationContext.log ContextListener: contextInitialized()
19-Nov-2025 01:43:47.975 INFO [main] org.apache.catalina.core.ApplicationContext.log SessionListener: contextInitialized()
19-Nov-2025 01:43:47.981 INFO [main] org.apache.catalina.core.ApplicationContext.log ContextListener: attributeAdded('StockTicker', 'async.Stockticker@250a500b')
19-Nov-2025 01:46:55.884 INFO [main] org.apache.catalina.core.ApplicationContext.log ContextListener: contextInitialized()
19-Nov-2025 01:46:55.894 INFO [main] org.apache.catalina.core.ApplicationContext.log SessionListener: contextInitialized()
19-Nov-2025 01:46:55.903 INFO [main] org.apache.catalina.core.ApplicationContext.log ContextListener: attributeAdded('StockTicker', 'async.Stockticker@75d982d3')
19-Nov-2025 01:50:59.713 INFO [main] org.apache.catalina.core.ApplicationContext.log ContextListener: contextInitialized()
19-Nov-2025 01:50:59.713 INFO [main] org.apache.catalina.core.ApplicationContext.log SessionListener: contextInitialized()
19-Nov-2025 01:50:59.713 INFO [main] org.apache.catalina.core.ApplicationContext.log ContextListener: attributeAdded('StockTicker', 'async.Stockticker@372ca2d6')
19-Nov-2025 01:53:57.718 INFO [main] org.apache.catalina.core.ApplicationContext.log ContextListener: contextInitialized()
19-Nov-2025 01:53:57.718 INFO [main] org.apache.catalina.core.ApplicationContext.log SessionListener: contextInitialized()
19-Nov-2025 01:53:57.718 INFO [main] org.apache.catalina.core.ApplicationContext.log ContextListener: attributeAdded('StockTicker', 'async.Stockticker@671d1157')
19-Nov-2025 01:56:27.616 INFO [main] org.apache.catalina.core.ApplicationContext.log ContextListener: contextInitialized()
19-Nov-2025 01:56:27.616 INFO [main] org.apache.catalina.core.ApplicationContext.log SessionListener: contextInitialized()
19-Nov-2025 01:56:27.623 INFO [main] org.apache.catalina.core.ApplicationContext.log ContextListener: attributeAdded('StockTicker', 'async.Stockticker@291373d3')
19-Nov-2025 01:59:36.450 INFO [main] org.apache.catalina.core.ApplicationContext.log ContextListener: contextInitialized()
19-Nov-2025 01:59:36.450 INFO [main] org.apache.catalina.core.ApplicationContext.log SessionListener: contextInitialized()
19-Nov-2025 01:59:36.450 INFO [main] org.apache.catalina.core.ApplicationContext.log ContextListener: attributeAdded('StockTicker', 'async.Stockticker@16727bf0')
19-Nov-2025 02:02:21.980 INFO [main] org.apache.catalina.core.ApplicationContext.log ContextListener: contextInitialized()
19-Nov-2025 02:02:21.980 INFO [main] org.apache.catalina.core.ApplicationContext.log SessionListener: contextInitialized()
19-Nov-2025 02:02:21.996 INFO [main] org.apache.catalina.core.ApplicationContext.log ContextListener: attributeAdded('StockTicker', 'async.Stockticker@4f89331f')
19-Nov-2025 02:06:43.845 INFO [main] org.apache.catalina.core.ApplicationContext.log ContextListener: contextInitialized()
19-Nov-2025 02:06:43.845 INFO [main] org.apache.catalina.core.ApplicationContext.log SessionListener: contextInitialized()
19-Nov-2025 02:06:43.850 INFO [main] org.apache.catalina.core.ApplicationContext.log ContextListener: attributeAdded('StockTicker', 'async.Stockticker@3204e238')
19-Nov-2025 09:36:39.356 INFO [main] org.apache.catalina.core.ApplicationContext.log ContextListener: contextInitialized()
19-Nov-2025 09:36:39.356 INFO [main] org.apache.catalina.core.ApplicationContext.log SessionListener: contextInitialized()
19-Nov-2025 09:36:39.356 INFO [main] org.apache.catalina.core.ApplicationContext.log ContextListener: attributeAdded('StockTicker', 'async.Stockticker@5a1c3cb4')
19-Nov-2025 10:08:45.294 INFO [main] org.apache.catalina.core.ApplicationContext.log ContextListener: contextInitialized()
19-Nov-2025 10:08:45.294 INFO [main] org.apache.catalina.core.ApplicationContext.log SessionListener: contextInitialized()
19-Nov-2025 10:08:45.311 INFO [main] org.apache.catalina.core.ApplicationContext.log ContextListener: attributeAdded('StockTicker', 'async.Stockticker@2b7962a2')
19-Nov-2025 10:19:01.656 INFO [main] org.apache.catalina.core.ApplicationContext.log ContextListener: contextInitialized()
19-Nov-2025 10:19:01.656 INFO [main] org.apache.catalina.core.ApplicationContext.log SessionListener: contextInitialized()
19-Nov-2025 10:19:01.663 INFO [main] org.apache.catalina.core.ApplicationContext.log ContextListener: attributeAdded('StockTicker', 'async.Stockticker@5ea4300e')
19-Nov-2025 10:28:22.183 INFO [main] org.apache.catalina.core.ApplicationContext.log ContextListener: contextInitialized()
19-Nov-2025 10:28:22.183 INFO [main] org.apache.catalina.core.ApplicationContext.log SessionListener: contextInitialized()
19-Nov-2025 10:28:22.183 INFO [main] org.apache.catalina.core.ApplicationContext.log ContextListener: attributeAdded('StockTicker', 'async.Stockticker@5a1c3cb4')
19-Nov-2025 10:35:51.047 INFO [main] org.apache.catalina.core.ApplicationContext.log ContextListener: contextInitialized()
19-Nov-2025 10:35:51.047 INFO [main] org.apache.catalina.core.ApplicationContext.log SessionListener: contextInitialized()
19-Nov-2025 10:35:51.047 INFO [main] org.apache.catalina.core.ApplicationContext.log ContextListener: attributeAdded('StockTicker', 'async.Stockticker@127a7272')
19-Nov-2025 10:38:31.003 INFO [main] org.apache.catalina.core.ApplicationContext.log ContextListener: contextInitialized()
19-Nov-2025 10:38:31.003 INFO [main] org.apache.catalina.core.ApplicationContext.log SessionListener: contextInitialized()
19-Nov-2025 10:38:31.003 INFO [main] org.apache.catalina.core.ApplicationContext.log ContextListener: attributeAdded('StockTicker', 'async.Stockticker@5a1c3cb4')
19-Nov-2025 12:40:45.589 INFO [main] org.apache.catalina.core.ApplicationContext.log ContextListener: contextInitialized()
19-Nov-2025 12:40:45.589 INFO [main] org.apache.catalina.core.ApplicationContext.log SessionListener: contextInitialized()
19-Nov-2025 12:40:45.605 INFO [main] org.apache.catalina.core.ApplicationContext.log ContextListener: attributeAdded('StockTicker', 'async.Stockticker@43af351a')
19-Nov-2025 12:50:05.065 INFO [main] org.apache.catalina.core.ApplicationContext.log ContextListener: contextInitialized()
19-Nov-2025 12:50:05.065 INFO [main] org.apache.catalina.core.ApplicationContext.log SessionListener: contextInitialized()
19-Nov-2025 12:50:05.080 INFO [main] org.apache.catalina.core.ApplicationContext.log ContextListener: attributeAdded('StockTicker', 'async.Stockticker@5a1c3cb4')
19-Nov-2025 16:06:17.849 INFO [main] org.apache.catalina.core.ApplicationContext.log ContextListener: contextInitialized()
19-Nov-2025 16:06:17.849 INFO [main] org.apache.catalina.core.ApplicationContext.log SessionListener: contextInitialized()
19-Nov-2025 16:06:17.849 INFO [main] org.apache.catalina.core.ApplicationContext.log ContextListener: attributeAdded('StockTicker', 'async.Stockticker@54e2fe')
19-Nov-2025 16:28:39.946 INFO [main] org.apache.catalina.core.ApplicationContext.log ContextListener: contextInitialized()
19-Nov-2025 16:28:39.946 INFO [main] org.apache.catalina.core.ApplicationContext.log SessionListener: contextInitialized()
19-Nov-2025 16:28:39.946 INFO [main] org.apache.catalina.core.ApplicationContext.log ContextListener: attributeAdded('StockTicker', 'async.Stockticker@70972170')
19-Nov-2025 16:49:37.311 INFO [main] org.apache.catalina.core.ApplicationContext.log ContextListener: contextInitialized()
19-Nov-2025 16:49:37.311 INFO [main] org.apache.catalina.core.ApplicationContext.log SessionListener: contextInitialized()
19-Nov-2025 16:49:37.379 INFO [main] org.apache.catalina.core.ApplicationContext.log ContextListener: attributeAdded('StockTicker', 'async.Stockticker@4b97c4ad')
